<?xml version="1.0" encoding="UTF-8"?>
<!-- Generated by org.testng.reporters.JUnitReportReporter -->
<testsuite hostname="DESKTOP-2IJS79F" failures="0" tests="1" name="practice1.PS2Test" time="0.002" errors="0" timestamp="2023-05-30T18:54:47 IST" skipped="0">
  <testcase classname="practice1.PS2Test" name="practice" time="0.002"/>
  <system-out/>
</testsuite> <!-- practice1.PS2Test -->
