<?xml version="1.0" encoding="UTF-8"?>
<!-- Generated by org.testng.reporters.JUnitReportReporter -->
<testsuite hostname="DESKTOP-2IJS79F" failures="0" tests="1" name="practice.PracticeTest" time="0.010" errors="0" timestamp="2023-05-30T18:54:47 IST" skipped="0">
  <testcase classname="practice.PracticeTest" name="a1" time="0.010"/>
  <system-out/>
</testsuite> <!-- practice.PracticeTest -->
